{"C:\\Users\\USER\\Documents\\CurrentDao-contracts\\contracts\\migration\\EmergencyMigration.ts": {"path":"C:\\Users\\USER\\Documents\\CurrentDao-contracts\\contracts\\migration\\EmergencyMigration.ts","statementMap":{"0":{"start":{"line":1,"column":0},"end":{"line":1,"column":109}},"1":{"start":{"line":2,"column":0},"end":{"line":2,"column":56}},"2":{"start":{"line":3,"column":0},"end":{"line":3,"column":63}},"3":{"start":{"line":4,"column":0},"end":{"line":4,"column":58}},"4":{"start":{"line":5,"column":0},"end":{"line":5,"column":69}},"5":{"start":{"line":16,"column":38},"end":{"line":16,"column":58}},"6":{"start":{"line":18,"column":40},"end":{"line":18,"column":41}},"7":{"start":{"line":21,"column":56},"end":{"line":26,"column":6}},"8":{"start":{"line":29,"column":8},"end":{"line":29,"column":51}},"9":{"start":{"line":30,"column":8},"end":{"line":30,"column":63}},"10":{"start":{"line":31,"column":8},"end":{"line":31,"column":67}},"11":{"start":{"line":38,"column":8},"end":{"line":40,"column":9}},"12":{"start":{"line":39,"column":12},"end":{"line":39,"column":92}},"13":{"start":{"line":42,"column":8},"end":{"line":44,"column":9}},"14":{"start":{"line":43,"column":12},"end":{"line":43,"column":127}},"15":{"start":{"line":46,"column":8},"end":{"line":46,"column":75}},"16":{"start":{"line":47,"column":8},"end":{"line":47,"column":48}},"17":{"start":{"line":49,"column":8},"end":{"line":53,"column":10}},"18":{"start":{"line":56,"column":8},"end":{"line":56,"column":68}},"19":{"start":{"line":63,"column":8},"end":{"line":65,"column":9}},"20":{"start":{"line":64,"column":12},"end":{"line":64,"column":77}},"21":{"start":{"line":67,"column":8},"end":{"line":67,"column":83}},"22":{"start":{"line":68,"column":8},"end":{"line":78,"column":9}},"23":{"start":{"line":69,"column":28},"end":{"line":69,"column":78}},"24":{"start":{"line":70,"column":12},"end":{"line":73,"column":13}},"25":{"start":{"line":71,"column":16},"end":{"line":71,"column":58}},"26":{"start":{"line":72,"column":16},"end":{"line":72,"column":28}},"27":{"start":{"line":74,"column":12},"end":{"line":74,"column":25}},"28":{"start":{"line":76,"column":12},"end":{"line":76,"column":49}},"29":{"start":{"line":77,"column":12},"end":{"line":77,"column":24}},"30":{"start":{"line":85,"column":8},"end":{"line":87,"column":9}},"31":{"start":{"line":86,"column":12},"end":{"line":86,"column":80}},"32":{"start":{"line":90,"column":34},"end":{"line":90,"column":66}},"33":{"start":{"line":92,"column":28},"end":{"line":92,"column":76}},"34":{"start":{"line":93,"column":29},"end":{"line":93,"column":70}},"35":{"start":{"line":95,"column":24},"end":{"line":95,"column":34}},"36":{"start":{"line":96,"column":25},"end":{"line":96,"column":73}},"37":{"start":{"line":97,"column":24},"end":{"line":97,"column":99}},"38":{"start":{"line":99,"column":30},"end":{"line":99,"column":80}},"39":{"start":{"line":101,"column":8},"end":{"line":113,"column":9}},"40":{"start":{"line":102,"column":12},"end":{"line":102,"column":52}},"41":{"start":{"line":103,"column":12},"end":{"line":107,"column":13}},"42":{"start":{"line":104,"column":16},"end":{"line":104,"column":49}},"43":{"start":{"line":105,"column":16},"end":{"line":105,"column":51}},"44":{"start":{"line":106,"column":16},"end":{"line":106,"column":49}},"45":{"start":{"line":108,"column":12},"end":{"line":108,"column":94}},"46":{"start":{"line":109,"column":12},"end":{"line":109,"column":24}},"47":{"start":{"line":111,"column":12},"end":{"line":111,"column":90}},"48":{"start":{"line":112,"column":12},"end":{"line":112,"column":25}},"49":{"start":{"line":120,"column":8},"end":{"line":120,"column":76}},"50":{"start":{"line":122,"column":8},"end":{"line":122,"column":50}},"51":{"start":{"line":123,"column":8},"end":{"line":123,"column":107}},"52":{"start":{"line":127,"column":8},"end":{"line":127,"column":27}},"53":{"start":{"line":131,"column":8},"end":{"line":131,"column":30}},"54":{"start":{"line":11,"column":0},"end":{"line":11,"column":13}}},"fnMap":{"0":{"name":"(anonymous_0)","decl":{"start":{"line":28,"column":4},"end":{"line":28,"column":null}},"loc":{"start":{"line":28,"column":4},"end":{"line":32,"column":5}}},"1":{"name":"(anonymous_1)","decl":{"start":{"line":37,"column":11},"end":{"line":37,"column":16}},"loc":{"start":{"line":37,"column":69},"end":{"line":57,"column":5}}},"2":{"name":"(anonymous_2)","decl":{"start":{"line":62,"column":11},"end":{"line":62,"column":16}},"loc":{"start":{"line":62,"column":63},"end":{"line":79,"column":5}}},"3":{"name":"(anonymous_3)","decl":{"start":{"line":84,"column":11},"end":{"line":84,"column":16}},"loc":{"start":{"line":84,"column":32},"end":{"line":114,"column":5}}},"4":{"name":"(anonymous_4)","decl":{"start":{"line":119,"column":11},"end":{"line":119,"column":16}},"loc":{"start":{"line":119,"column":25},"end":{"line":124,"column":5}}},"5":{"name":"(anonymous_5)","decl":{"start":{"line":126,"column":11},"end":{"line":126,"column":20}},"loc":{"start":{"line":126,"column":20},"end":{"line":128,"column":5}}},"6":{"name":"(anonymous_6)","decl":{"start":{"line":130,"column":11},"end":{"line":130,"column":23}},"loc":{"start":{"line":130,"column":23},"end":{"line":132,"column":5}}}},"branchMap":{"0":{"loc":{"start":{"line":38,"column":8},"end":{"line":40,"column":9}},"type":"if","locations":[{"start":{"line":38,"column":8},"end":{"line":40,"column":9}},{"start":{},"end":{}}]},"1":{"loc":{"start":{"line":38,"column":12},"end":{"line":38,"column":95}},"type":"binary-expr","locations":[{"start":{"line":38,"column":12},"end":{"line":38,"column":48}},{"start":{"line":38,"column":52},"end":{"line":38,"column":95}}]},"2":{"loc":{"start":{"line":42,"column":8},"end":{"line":44,"column":9}},"type":"if","locations":[{"start":{"line":42,"column":8},"end":{"line":44,"column":9}},{"start":{},"end":{}}]},"3":{"loc":{"start":{"line":63,"column":8},"end":{"line":65,"column":9}},"type":"if","locations":[{"start":{"line":63,"column":8},"end":{"line":65,"column":9}},{"start":{},"end":{}}]},"4":{"loc":{"start":{"line":70,"column":12},"end":{"line":73,"column":13}},"type":"if","locations":[{"start":{"line":70,"column":12},"end":{"line":73,"column":13}},{"start":{},"end":{}}]},"5":{"loc":{"start":{"line":85,"column":8},"end":{"line":87,"column":9}},"type":"if","locations":[{"start":{"line":85,"column":8},"end":{"line":87,"column":9}},{"start":{},"end":{}}]},"6":{"loc":{"start":{"line":85,"column":12},"end":{"line":85,"column":114}},"type":"binary-expr","locations":[{"start":{"line":85,"column":12},"end":{"line":85,"column":55}},{"start":{"line":85,"column":59},"end":{"line":85,"column":114}}]},"7":{"loc":{"start":{"line":96,"column":36},"end":{"line":96,"column":72}},"type":"binary-expr","locations":[{"start":{"line":96,"column":36},"end":{"line":96,"column":61}},{"start":{"line":96,"column":65},"end":{"line":96,"column":72}}]},"8":{"loc":{"start":{"line":101,"column":8},"end":{"line":113,"column":9}},"type":"if","locations":[{"start":{"line":101,"column":8},"end":{"line":113,"column":9}},{"start":{"line":110,"column":15},"end":{"line":113,"column":9}}]},"9":{"loc":{"start":{"line":101,"column":12},"end":{"line":101,"column":56}},"type":"binary-expr","locations":[{"start":{"line":101,"column":12},"end":{"line":101,"column":23}},{"start":{"line":101,"column":27},"end":{"line":101,"column":39}},{"start":{"line":101,"column":43},"end":{"line":101,"column":56}}]},"10":{"loc":{"start":{"line":103,"column":12},"end":{"line":107,"column":13}},"type":"if","locations":[{"start":{"line":103,"column":12},"end":{"line":107,"column":13}},{"start":{},"end":{}}]}},"s":{"0":1,"1":1,"2":1,"3":1,"4":1,"5":14,"6":14,"7":14,"8":14,"9":14,"10":14,"11":11,"12":1,"13":10,"14":1,"15":9,"16":9,"17":9,"18":9,"19":8,"20":1,"21":7,"22":7,"23":7,"24":6,"25":6,"26":6,"27":0,"28":1,"29":1,"30":3,"31":0,"32":3,"33":3,"34":3,"35":3,"36":3,"37":3,"38":3,"39":3,"40":3,"41":3,"42":3,"43":3,"44":3,"45":3,"46":3,"47":0,"48":0,"49":1,"50":1,"51":1,"52":5,"53":2,"54":1},"f":{"0":14,"1":11,"2":8,"3":3,"4":1,"5":5,"6":2},"b":{"0":[1,10],"1":[11,1],"2":[1,9],"3":[1,7],"4":[6,0],"5":[0,3],"6":[3,0],"7":[3,0],"8":[3,0],"9":[3,3,3],"10":[3,0]}}
,"C:\\Users\\USER\\Documents\\CurrentDao-contracts\\contracts\\migration\\execution\\RapidMigrator.ts": {"path":"C:\\Users\\USER\\Documents\\CurrentDao-contracts\\contracts\\migration\\execution\\RapidMigrator.ts","statementMap":{"0":{"start":{"line":1,"column":0},"end":{"line":1,"column":68}},"1":{"start":{"line":2,"column":0},"end":{"line":2,"column":64}},"2":{"start":{"line":10,"column":38},"end":{"line":10,"column":58}},"3":{"start":{"line":11,"column":51},"end":{"line":11,"column":55}},"4":{"start":{"line":14,"column":8},"end":{"line":14,"column":45}},"5":{"start":{"line":23,"column":8},"end":{"line":23,"column":50}},"6":{"start":{"line":24,"column":8},"end":{"line":24,"column":59}},"7":{"start":{"line":26,"column":8},"end":{"line":52,"column":9}},"8":{"start":{"line":27,"column":12},"end":{"line":27,"column":95}},"9":{"start":{"line":31,"column":26},"end":{"line":31,"column":60}},"10":{"start":{"line":34,"column":12},"end":{"line":34,"column":42}},"11":{"start":{"line":37,"column":12},"end":{"line":37,"column":75}},"12":{"start":{"line":40,"column":12},"end":{"line":40,"column":64}},"13":{"start":{"line":43,"column":12},"end":{"line":43,"column":65}},"14":{"start":{"line":45,"column":12},"end":{"line":45,"column":52}},"15":{"start":{"line":46,"column":12},"end":{"line":46,"column":77}},"16":{"start":{"line":47,"column":12},"end":{"line":47,"column":24}},"17":{"start":{"line":49,"column":12},"end":{"line":49,"column":49}},"18":{"start":{"line":50,"column":12},"end":{"line":50,"column":80}},"19":{"start":{"line":51,"column":12},"end":{"line":51,"column":24}},"20":{"start":{"line":56,"column":8},"end":{"line":56,"column":63}},"21":{"start":{"line":58,"column":8},"end":{"line":58,"column":63}},"22":{"start":{"line":58,"column":37},"end":{"line":58,"column":61}},"23":{"start":{"line":62,"column":8},"end":{"line":62,"column":103}},"24":{"start":{"line":64,"column":8},"end":{"line":64,"column":63}},"25":{"start":{"line":64,"column":37},"end":{"line":64,"column":61}},"26":{"start":{"line":68,"column":8},"end":{"line":68,"column":87}},"27":{"start":{"line":70,"column":8},"end":{"line":70,"column":62}},"28":{"start":{"line":70,"column":37},"end":{"line":70,"column":60}},"29":{"start":{"line":74,"column":8},"end":{"line":74,"column":79}},"30":{"start":{"line":76,"column":8},"end":{"line":76,"column":62}},"31":{"start":{"line":76,"column":37},"end":{"line":76,"column":60}},"32":{"start":{"line":80,"column":8},"end":{"line":80,"column":27}},"33":{"start":{"line":8,"column":0},"end":{"line":8,"column":13}}},"fnMap":{"0":{"name":"(anonymous_0)","decl":{"start":{"line":13,"column":4},"end":{"line":13,"column":16}},"loc":{"start":{"line":13,"column":46},"end":{"line":15,"column":5}}},"1":{"name":"(anonymous_1)","decl":{"start":{"line":22,"column":11},"end":{"line":22,"column":16}},"loc":{"start":{"line":22,"column":54},"end":{"line":53,"column":5}}},"2":{"name":"(anonymous_2)","decl":{"start":{"line":55,"column":12},"end":{"line":55,"column":17}},"loc":{"start":{"line":55,"column":34},"end":{"line":59,"column":5}}},"3":{"name":"(anonymous_3)","decl":{"start":{"line":58,"column":26},"end":{"line":58,"column":33}},"loc":{"start":{"line":58,"column":37},"end":{"line":58,"column":61}}},"4":{"name":"(anonymous_4)","decl":{"start":{"line":61,"column":12},"end":{"line":61,"column":17}},"loc":{"start":{"line":61,"column":83},"end":{"line":65,"column":5}}},"5":{"name":"(anonymous_5)","decl":{"start":{"line":64,"column":26},"end":{"line":64,"column":33}},"loc":{"start":{"line":64,"column":37},"end":{"line":64,"column":61}}},"6":{"name":"(anonymous_6)","decl":{"start":{"line":67,"column":12},"end":{"line":67,"column":17}},"loc":{"start":{"line":67,"column":51},"end":{"line":71,"column":5}}},"7":{"name":"(anonymous_7)","decl":{"start":{"line":70,"column":26},"end":{"line":70,"column":33}},"loc":{"start":{"line":70,"column":37},"end":{"line":70,"column":60}}},"8":{"name":"(anonymous_8)","decl":{"start":{"line":73,"column":12},"end":{"line":73,"column":17}},"loc":{"start":{"line":73,"column":52},"end":{"line":77,"column":5}}},"9":{"name":"(anonymous_9)","decl":{"start":{"line":76,"column":26},"end":{"line":76,"column":33}},"loc":{"start":{"line":76,"column":37},"end":{"line":76,"column":60}}},"10":{"name":"(anonymous_10)","decl":{"start":{"line":79,"column":11},"end":{"line":79,"column":20}},"loc":{"start":{"line":79,"column":20},"end":{"line":81,"column":5}}}},"branchMap":{},"s":{"0":1,"1":1,"2":14,"3":14,"4":14,"5":7,"6":7,"7":7,"8":7,"9":7,"10":6,"11":6,"12":6,"13":6,"14":6,"15":6,"16":6,"17":1,"18":1,"19":1,"20":6,"21":6,"22":6,"23":6,"24":6,"25":6,"26":6,"27":6,"28":6,"29":6,"30":6,"31":6,"32":0,"33":1},"f":{"0":14,"1":7,"2":6,"3":6,"4":6,"5":6,"6":6,"7":6,"8":6,"9":6,"10":0},"b":{}}
,"C:\\Users\\USER\\Documents\\CurrentDao-contracts\\contracts\\migration\\interfaces\\IEmergencyMigration.ts": {"path":"C:\\Users\\USER\\Documents\\CurrentDao-contracts\\contracts\\migration\\interfaces\\IEmergencyMigration.ts","statementMap":{"0":{"start":{"line":4,"column":0},"end":{"line":4,"column":null}},"1":{"start":{"line":5,"column":4},"end":{"line":5,"column":null}},"2":{"start":{"line":6,"column":4},"end":{"line":6,"column":null}},"3":{"start":{"line":7,"column":4},"end":{"line":7,"column":null}},"4":{"start":{"line":8,"column":4},"end":{"line":8,"column":null}},"5":{"start":{"line":9,"column":4},"end":{"line":9,"column":null}},"6":{"start":{"line":10,"column":4},"end":{"line":10,"column":null}}},"fnMap":{"0":{"name":"(anonymous_0)","decl":{"start":{"line":4,"column":0},"end":{"line":4,"column":12}},"loc":{"start":{"line":4,"column":27},"end":{"line":11,"column":1}}}},"branchMap":{"0":{"loc":{"start":{"line":4,"column":12},"end":{"line":4,"column":null}},"type":"binary-expr","locations":[{"start":{"line":4,"column":12},"end":{"line":4,"column":27}},{"start":{"line":4,"column":27},"end":{"line":4,"column":null}}]}},"s":{"0":1,"1":1,"2":1,"3":1,"4":1,"5":1,"6":1},"f":{"0":1},"b":{"0":[1,1]}}
,"C:\\Users\\USER\\Documents\\CurrentDao-contracts\\contracts\\migration\\libraries\\MigrationLib.ts": {"path":"C:\\Users\\USER\\Documents\\CurrentDao-contracts\\contracts\\migration\\libraries\\MigrationLib.ts","statementMap":{"0":{"start":{"line":1,"column":0},"end":{"line":1,"column":28}},"1":{"start":{"line":13,"column":20},"end":{"line":13,"column":74}},"2":{"start":{"line":14,"column":8},"end":{"line":14,"column":69}},"3":{"start":{"line":24,"column":24},"end":{"line":24,"column":29}},"4":{"start":{"line":25,"column":27},"end":{"line":25,"column":29}},"5":{"start":{"line":26,"column":8},"end":{"line":26,"column":49}},"6":{"start":{"line":36,"column":8},"end":{"line":36,"column":44}},"7":{"start":{"line":45,"column":24},"end":{"line":45,"column":46}},"8":{"start":{"line":46,"column":24},"end":{"line":46,"column":56}},"9":{"start":{"line":47,"column":8},"end":{"line":47,"column":41}},"10":{"start":{"line":6,"column":0},"end":{"line":6,"column":13}}},"fnMap":{"0":{"name":"(anonymous_1)","decl":{"start":{"line":12,"column":4},"end":{"line":12,"column":10}},"loc":{"start":{"line":12,"column":37},"end":{"line":15,"column":5}}},"1":{"name":"(anonymous_2)","decl":{"start":{"line":23,"column":4},"end":{"line":23,"column":10}},"loc":{"start":{"line":23,"column":48},"end":{"line":27,"column":5}}},"2":{"name":"(anonymous_3)","decl":{"start":{"line":35,"column":4},"end":{"line":35,"column":10}},"loc":{"start":{"line":35,"column":66},"end":{"line":37,"column":5}}},"3":{"name":"(anonymous_4)","decl":{"start":{"line":44,"column":4},"end":{"line":44,"column":10}},"loc":{"start":{"line":44,"column":36},"end":{"line":48,"column":5}}}},"branchMap":{"0":{"loc":{"start":{"line":13,"column":20},"end":{"line":13,"column":74}},"type":"cond-expr","locations":[{"start":{"line":13,"column":47},"end":{"line":13,"column":51}},{"start":{"line":13,"column":54},"end":{"line":13,"column":74}}]}},"s":{"0":1,"1":21,"2":21,"3":3,"4":3,"5":3,"6":10,"7":3,"8":3,"9":3,"10":1},"f":{"0":21,"1":3,"2":10,"3":3},"b":{"0":[0,21]}}
,"C:\\Users\\USER\\Documents\\CurrentDao-contracts\\contracts\\migration\\preservation\\StatePreserver.ts": {"path":"C:\\Users\\USER\\Documents\\CurrentDao-contracts\\contracts\\migration\\preservation\\StatePreserver.ts","statementMap":{"0":{"start":{"line":1,"column":0},"end":{"line":1,"column":57}},"1":{"start":{"line":8,"column":56},"end":{"line":8,"column":60}},"2":{"start":{"line":9,"column":43},"end":{"line":9,"column":47}},"3":{"start":{"line":18,"column":8},"end":{"line":18,"column":63}},"4":{"start":{"line":19,"column":8},"end":{"line":19,"column":79}},"5":{"start":{"line":21,"column":8},"end":{"line":21,"column":88}},"6":{"start":{"line":22,"column":8},"end":{"line":22,"column":20}},"7":{"start":{"line":31,"column":8},"end":{"line":33,"column":9}},"8":{"start":{"line":32,"column":12},"end":{"line":32,"column":61}},"9":{"start":{"line":35,"column":32},"end":{"line":35,"column":81}},"10":{"start":{"line":36,"column":8},"end":{"line":38,"column":9}},"11":{"start":{"line":37,"column":12},"end":{"line":37,"column":79}},"12":{"start":{"line":40,"column":8},"end":{"line":40,"column":69}},"13":{"start":{"line":41,"column":8},"end":{"line":41,"column":62}},"14":{"start":{"line":50,"column":31},"end":{"line":50,"column":67}},"15":{"start":{"line":51,"column":8},"end":{"line":51,"column":53}},"16":{"start":{"line":58,"column":8},"end":{"line":58,"column":34}},"17":{"start":{"line":65,"column":8},"end":{"line":65,"column":34}},"18":{"start":{"line":66,"column":8},"end":{"line":66,"column":34}},"19":{"start":{"line":7,"column":0},"end":{"line":7,"column":13}}},"fnMap":{"0":{"name":"(anonymous_0)","decl":{"start":{"line":16,"column":11},"end":{"line":16,"column":23}},"loc":{"start":{"line":16,"column":50},"end":{"line":23,"column":5}}},"1":{"name":"(anonymous_1)","decl":{"start":{"line":30,"column":11},"end":{"line":30,"column":23}},"loc":{"start":{"line":30,"column":23},"end":{"line":42,"column":5}}},"2":{"name":"(anonymous_2)","decl":{"start":{"line":49,"column":11},"end":{"line":49,"column":26}},"loc":{"start":{"line":49,"column":53},"end":{"line":52,"column":5}}},"3":{"name":"(anonymous_3)","decl":{"start":{"line":57,"column":11},"end":{"line":57,"column":22}},"loc":{"start":{"line":57,"column":22},"end":{"line":59,"column":5}}},"4":{"name":"(anonymous_4)","decl":{"start":{"line":64,"column":11},"end":{"line":64,"column":16}},"loc":{"start":{"line":64,"column":16},"end":{"line":67,"column":5}}}},"branchMap":{"0":{"loc":{"start":{"line":31,"column":8},"end":{"line":33,"column":9}},"type":"if","locations":[{"start":{"line":31,"column":8},"end":{"line":33,"column":9}},{"start":{},"end":{}}]},"1":{"loc":{"start":{"line":36,"column":8},"end":{"line":38,"column":9}},"type":"if","locations":[{"start":{"line":36,"column":8},"end":{"line":38,"column":9}},{"start":{},"end":{}}]}},"s":{"0":1,"1":14,"2":14,"3":11,"4":11,"5":11,"6":11,"7":10,"8":3,"9":7,"10":7,"11":1,"12":6,"13":6,"14":3,"15":3,"16":0,"17":2,"18":2,"19":1},"f":{"0":11,"1":10,"2":3,"3":0,"4":2},"b":{"0":[3,7],"1":[1,6]}}
,"C:\\Users\\USER\\Documents\\CurrentDao-contracts\\contracts\\migration\\verification\\MigrationVerifier.ts": {"path":"C:\\Users\\USER\\Documents\\CurrentDao-contracts\\contracts\\migration\\verification\\MigrationVerifier.ts","statementMap":{"0":{"start":{"line":1,"column":0},"end":{"line":1,"column":64}},"1":{"start":{"line":2,"column":0},"end":{"line":2,"column":57}},"2":{"start":{"line":12,"column":8},"end":{"line":12,"column":45}},"3":{"start":{"line":21,"column":8},"end":{"line":21,"column":72}},"4":{"start":{"line":22,"column":25},"end":{"line":22,"column":75}},"5":{"start":{"line":24,"column":8},"end":{"line":28,"column":9}},"6":{"start":{"line":25,"column":12},"end":{"line":25,"column":94}},"7":{"start":{"line":27,"column":12},"end":{"line":27,"column":103}},"8":{"start":{"line":30,"column":8},"end":{"line":30,"column":24}},"9":{"start":{"line":39,"column":8},"end":{"line":39,"column":94}},"10":{"start":{"line":41,"column":8},"end":{"line":41,"column":63}},"11":{"start":{"line":41,"column":37},"end":{"line":41,"column":61}},"12":{"start":{"line":43,"column":8},"end":{"line":43,"column":69}},"13":{"start":{"line":44,"column":8},"end":{"line":44,"column":20}},"14":{"start":{"line":54,"column":31},"end":{"line":54,"column":45}},"15":{"start":{"line":55,"column":26},"end":{"line":55,"column":32}},"16":{"start":{"line":57,"column":27},"end":{"line":57,"column":52}},"17":{"start":{"line":58,"column":22},"end":{"line":58,"column":41}},"18":{"start":{"line":60,"column":8},"end":{"line":60,"column":163}},"19":{"start":{"line":62,"column":8},"end":{"line":62,"column":35}},"20":{"start":{"line":8,"column":0},"end":{"line":8,"column":13}}},"fnMap":{"0":{"name":"(anonymous_0)","decl":{"start":{"line":11,"column":4},"end":{"line":11,"column":16}},"loc":{"start":{"line":11,"column":46},"end":{"line":13,"column":5}}},"1":{"name":"(anonymous_1)","decl":{"start":{"line":20,"column":11},"end":{"line":20,"column":26}},"loc":{"start":{"line":20,"column":61},"end":{"line":31,"column":5}}},"2":{"name":"(anonymous_2)","decl":{"start":{"line":38,"column":11},"end":{"line":38,"column":16}},"loc":{"start":{"line":38,"column":36},"end":{"line":45,"column":5}}},"3":{"name":"(anonymous_3)","decl":{"start":{"line":41,"column":26},"end":{"line":41,"column":33}},"loc":{"start":{"line":41,"column":37},"end":{"line":41,"column":61}}},"4":{"name":"(anonymous_4)","decl":{"start":{"line":53,"column":11},"end":{"line":53,"column":28}},"loc":{"start":{"line":53,"column":62},"end":{"line":63,"column":5}}}},"branchMap":{"0":{"loc":{"start":{"line":24,"column":8},"end":{"line":28,"column":9}},"type":"if","locations":[{"start":{"line":24,"column":8},"end":{"line":28,"column":9}},{"start":{"line":26,"column":15},"end":{"line":28,"column":9}}]},"1":{"loc":{"start":{"line":62,"column":15},"end":{"line":62,"column":34}},"type":"binary-expr","locations":[{"start":{"line":62,"column":15},"end":{"line":62,"column":25}},{"start":{"line":62,"column":29},"end":{"line":62,"column":34}}]}},"s":{"0":1,"1":1,"2":14,"3":3,"4":3,"5":3,"6":3,"7":0,"8":3,"9":3,"10":3,"11":3,"12":3,"13":3,"14":3,"15":3,"16":3,"17":3,"18":3,"19":3,"20":1},"f":{"0":14,"1":3,"2":3,"3":3,"4":3},"b":{"0":[3,0],"1":[3,3]}}
}
