TN:
SF:contracts\migration\EmergencyMigration.ts
FN:28,(anonymous_0)
FN:37,(anonymous_1)
FN:62,(anonymous_2)
FN:84,(anonymous_3)
FN:119,(anonymous_4)
FN:126,(anonymous_5)
FN:130,(anonymous_6)
FNF:7
FNH:7
FNDA:14,(anonymous_0)
FNDA:11,(anonymous_1)
FNDA:8,(anonymous_2)
FNDA:3,(anonymous_3)
FNDA:1,(anonymous_4)
FNDA:5,(anonymous_5)
FNDA:2,(anonymous_6)
DA:1,1
DA:2,1
DA:3,1
DA:4,1
DA:5,1
DA:11,1
DA:16,14
DA:18,14
DA:21,14
DA:29,14
DA:30,14
DA:31,14
DA:38,11
DA:39,1
DA:42,10
DA:43,1
DA:46,9
DA:47,9
DA:49,9
DA:56,9
DA:63,8
DA:64,1
DA:67,7
DA:68,7
DA:69,7
DA:70,6
DA:71,6
DA:72,6
DA:74,0
DA:76,1
DA:77,1
DA:85,3
DA:86,0
DA:90,3
DA:92,3
DA:93,3
DA:95,3
DA:96,3
DA:97,3
DA:99,3
DA:101,3
DA:102,3
DA:103,3
DA:104,3
DA:105,3
DA:106,3
DA:108,3
DA:109,3
DA:111,0
DA:112,0
DA:120,1
DA:122,1
DA:123,1
DA:127,5
DA:131,2
LF:55
LH:51
BRDA:38,0,0,1
BRDA:38,0,1,10
BRDA:38,1,0,11
BRDA:38,1,1,1
BRDA:42,2,0,1
BRDA:42,2,1,9
BRDA:63,3,0,1
BRDA:63,3,1,7
BRDA:70,4,0,6
BRDA:70,4,1,0
BRDA:85,5,0,0
BRDA:85,5,1,3
BRDA:85,6,0,3
BRDA:85,6,1,0
BRDA:96,7,0,3
BRDA:96,7,1,0
BRDA:101,8,0,3
BRDA:101,8,1,0
BRDA:101,9,0,3
BRDA:101,9,1,3
BRDA:101,9,2,3
BRDA:103,10,0,3
BRDA:103,10,1,0
BRF:23
BRH:17
end_of_record
TN:
SF:contracts\migration\execution\RapidMigrator.ts
FN:13,(anonymous_0)
FN:22,(anonymous_1)
FN:55,(anonymous_2)
FN:58,(anonymous_3)
FN:61,(anonymous_4)
FN:64,(anonymous_5)
FN:67,(anonymous_6)
FN:70,(anonymous_7)
FN:73,(anonymous_8)
FN:76,(anonymous_9)
FN:79,(anonymous_10)
FNF:11
FNH:10
FNDA:14,(anonymous_0)
FNDA:7,(anonymous_1)
FNDA:6,(anonymous_2)
FNDA:6,(anonymous_3)
FNDA:6,(anonymous_4)
FNDA:6,(anonymous_5)
FNDA:6,(anonymous_6)
FNDA:6,(anonymous_7)
FNDA:6,(anonymous_8)
FNDA:6,(anonymous_9)
FNDA:0,(anonymous_10)
DA:1,1
DA:2,1
DA:8,1
DA:10,14
DA:11,14
DA:14,14
DA:23,7
DA:24,7
DA:26,7
DA:27,7
DA:31,7
DA:34,6
DA:37,6
DA:40,6
DA:43,6
DA:45,6
DA:46,6
DA:47,6
DA:49,1
DA:50,1
DA:51,1
DA:56,6
DA:58,6
DA:62,6
DA:64,6
DA:68,6
DA:70,6
DA:74,6
DA:76,6
DA:80,0
LF:30
LH:29
BRF:0
BRH:0
end_of_record
TN:
SF:contracts\migration\interfaces\IEmergencyMigration.ts
FN:4,(anonymous_0)
FNF:1
FNH:1
FNDA:1,(anonymous_0)
DA:4,1
DA:5,1
DA:6,1
DA:7,1
DA:8,1
DA:9,1
DA:10,1
LF:7
LH:7
BRDA:4,0,0,1
BRDA:4,0,1,1
BRF:2
BRH:2
end_of_record
TN:
SF:contracts\migration\libraries\MigrationLib.ts
FN:12,(anonymous_1)
FN:23,(anonymous_2)
FN:35,(anonymous_3)
FN:44,(anonymous_4)
FNF:4
FNH:4
FNDA:21,(anonymous_1)
FNDA:3,(anonymous_2)
FNDA:10,(anonymous_3)
FNDA:3,(anonymous_4)
DA:1,1
DA:6,1
DA:13,21
DA:14,21
DA:24,3
DA:25,3
DA:26,3
DA:36,10
DA:45,3
DA:46,3
DA:47,3
LF:11
LH:11
BRDA:13,0,0,0
BRDA:13,0,1,21
BRF:2
BRH:1
end_of_record
TN:
SF:contracts\migration\preservation\StatePreserver.ts
FN:16,(anonymous_0)
FN:30,(anonymous_1)
FN:49,(anonymous_2)
FN:57,(anonymous_3)
FN:64,(anonymous_4)
FNF:5
FNH:4
FNDA:11,(anonymous_0)
FNDA:10,(anonymous_1)
FNDA:3,(anonymous_2)
FNDA:0,(anonymous_3)
FNDA:2,(anonymous_4)
DA:1,1
DA:7,1
DA:8,14
DA:9,14
DA:18,11
DA:19,11
DA:21,11
DA:22,11
DA:31,10
DA:32,3
DA:35,7
DA:36,7
DA:37,1
DA:40,6
DA:41,6
DA:50,3
DA:51,3
DA:58,0
DA:65,2
DA:66,2
LF:20
LH:19
BRDA:31,0,0,3
BRDA:31,0,1,7
BRDA:36,1,0,1
BRDA:36,1,1,6
BRF:4
BRH:4
end_of_record
TN:
SF:contracts\migration\verification\MigrationVerifier.ts
FN:11,(anonymous_0)
FN:20,(anonymous_1)
FN:38,(anonymous_2)
FN:41,(anonymous_3)
FN:53,(anonymous_4)
FNF:5
FNH:5
FNDA:14,(anonymous_0)
FNDA:3,(anonymous_1)
FNDA:3,(anonymous_2)
FNDA:3,(anonymous_3)
FNDA:3,(anonymous_4)
DA:1,1
DA:2,1
DA:8,1
DA:12,14
DA:21,3
DA:22,3
DA:24,3
DA:25,3
DA:27,0
DA:30,3
DA:39,3
DA:41,3
DA:43,3
DA:44,3
DA:54,3
DA:55,3
DA:57,3
DA:58,3
DA:60,3
DA:62,3
LF:20
LH:19
BRDA:24,0,0,3
BRDA:24,0,1,0
BRDA:62,1,0,3
BRDA:62,1,1,3
BRF:4
BRH:3
end_of_record
